<?xml version="1.0" encoding="UTF-8"?>
<!-- Generated by org.testng.reporters.JUnitReportReporter -->
<testsuite skipped="0" hostname="DESKTOP-5GOIKUP" name="com.regence.testcases.LoginTestRegence" tests="1" failures="0" timestamp="2020-07-07T13:56:14 PDT" time="10.247" errors="0">
  <testcase name="login" time="10.247" classname="com.regence.testcases.LoginTestRegence"/>
  <system-out/>
</testsuite> <!-- com.regence.testcases.LoginTestRegence -->
